<?xml version="1.0" encoding="UTF-8"?>
<testng-results ignored="0" total="1" passed="1" failed="0" skipped="0">
  <reporter-output>
  </reporter-output>
  <suite started-at="2023-05-12T00:48:31 IST" name="Default suite" finished-at="2023-05-12T00:48:41 IST" duration-ms="10870">
    <groups>
    </groups>
    <test started-at="2023-05-12T00:48:31 IST" name="Default test" finished-at="2023-05-12T00:48:41 IST" duration-ms="10870">
      <class name="com.irshadproject.qa.test.LoginTest">
        <test-method is-config="true" signature="StartBrowser()[pri:0, instance:com.irshadproject.qa.test.LoginTest@f736069]" started-at="2023-05-12T00:48:31 IST" name="StartBrowser" finished-at="2023-05-12T00:48:40 IST" duration-ms="9447" status="PASS">
          <reporter-output>
          </reporter-output>
        </test-method> <!-- StartBrowser -->
        <test-method signature="ValidateLoginWithValidDataTest()[pri:0, instance:com.irshadproject.qa.test.LoginTest@f736069]" started-at="2023-05-12T00:48:40 IST" name="ValidateLoginWithValidDataTest" finished-at="2023-05-12T00:48:41 IST" duration-ms="1307" status="PASS">
          <reporter-output>
          </reporter-output>
        </test-method> <!-- ValidateLoginWithValidDataTest -->
      </class> <!-- com.irshadproject.qa.test.LoginTest -->
    </test> <!-- Default test -->
  </suite> <!-- Default suite -->
</testng-results>
